Array
(
    [mc_gross] => 2.00
    [protection_eligibility] => Eligible
    [address_status] => confirmed
    [payer_id] => VWZF5JGLDHN92
    [address_street] => 1 Main St
    [payment_date] => 01:45:42 Nov 18, 2017 PST
    [payment_status] => Completed
    [charset] => windows-1252
    [address_zip] => 95131
    [first_name] => sunta
    [mc_fee] => 0.36
    [address_country_code] => US
    [address_name] => sunta shrestha\'s Test Store
    [notify_version] => 3.8
    [custom] => 
    [payer_status] => verified
    [business] => amit@longtail.info
    [address_country] => United States
    [address_city] => San Jose
    [quantity] => 1
    [verify_sign] => AS-3SKSqiWYUSXAUHOtgpgbir-qeA5HZ9llVR0s7uxIuR.sa9fwyXr14
    [payer_email] => sunita@longtail.info
    [txn_id] => 5W7851737D451932M
    [payment_type] => instant
    [payer_business_name] => sunta shrestha\'s Test Store
    [last_name] => shrestha
    [address_state] => CA
    [receiver_email] => amit@longtail.info
    [payment_fee] => 0.36
    [receiver_id] => A5WKWRWJXQ62A
    [txn_type] => web_accept
    [item_name] => Baby Product
    [mc_currency] => USD
    [item_number] => 2
    [residence_country] => US
    [test_ipn] => 1
    [transaction_subject] => 
    [payment_gross] => 2.00
    [ipn_track_id] => d7cc9e9b5dedd
)
